2026-06-28 23:40:45,731 | INFO | Uruchomiono UniProt Enzyme Explorer.
2026-06-28 23:47:14,830 | INFO | Utworzono demonstracyjny rekord enzymu.
2026-06-29 00:57:05,400 | INFO | Pobrano rekord UniProt: P00918
2026-06-29 01:05:57,388 | INFO | Pobieranie rekordu: P00918
2026-06-29 01:06:00,291 | INFO | Pobrano rekord: P00918
2026-06-29 01:06:00,292 | INFO | Pobieranie rekordu: P04040
2026-06-29 01:06:03,161 | INFO | Pobrano rekord: P04040
2026-06-29 01:06:03,161 | INFO | Pobieranie rekordu: P00338
2026-06-29 01:06:07,878 | INFO | Pobrano rekord: P00338
2026-06-29 01:10:10,857 | INFO | Pobieranie rekordu: P00918
2026-06-29 01:10:12,542 | INFO | Pobrano rekord: P00918
2026-06-29 01:10:12,542 | INFO | Pobieranie rekordu: P04040
2026-06-29 01:10:15,583 | INFO | Pobrano rekord: P04040
2026-06-29 01:10:15,583 | INFO | Pobieranie rekordu: P00338
2026-06-29 01:10:17,647 | INFO | Pobrano rekord: P00338
2026-06-29 01:10:17,656 | INFO | Zapisano raport CSV: C:\Users\User\PycharmProjects\PythonProject2\outputs\reports\enzyme_report.csv
2026-06-29 23:26:42,962 | INFO | Pobieranie rekordu: P00918
2026-06-29 23:26:44,377 | INFO | Pobrano rekord: P00918
2026-06-29 23:26:44,377 | INFO | Pobieranie rekordu: P04040
2026-06-29 23:26:45,463 | INFO | Pobrano rekord: P04040
2026-06-29 23:26:45,463 | INFO | Pobieranie rekordu: P00338
2026-06-29 23:26:46,554 | INFO | Pobrano rekord: P00338
2026-06-29 23:26:46,589 | INFO | Zapisano raport CSV: C:\Users\User\PycharmProjects\PythonProject2\outputs\reports\enzyme_report.csv
2026-06-29 23:26:46,698 | INFO | Zapisano raport XLSX: C:\Users\User\PycharmProjects\PythonProject2\outputs\reports\enzyme_report.xlsx
2026-06-30 00:01:26,522 | INFO | Pobieranie rekordu: P00918
2026-06-30 00:01:27,967 | INFO | Pobrano rekord: P00918
2026-06-30 00:01:27,967 | INFO | Pobieranie rekordu: P04040
2026-06-30 00:01:29,807 | INFO | Pobrano rekord: P04040
2026-06-30 00:01:29,807 | INFO | Pobieranie rekordu: P00338
2026-06-30 00:01:31,054 | INFO | Pobrano rekord: P00338
2026-06-30 00:01:31,061 | INFO | Zapisano raport CSV: C:\Users\User\PycharmProjects\PythonProject2\outputs\reports\enzyme_report.csv
2026-06-30 00:01:31,122 | INFO | Zapisano raport XLSX: C:\Users\User\PycharmProjects\PythonProject2\outputs\reports\enzyme_report.xlsx
2026-06-30 00:01:40,140 | INFO | Utworzono wykresy.
2026-06-30 00:12:22,246 | INFO | Uruchomiono UniProt Enzyme Explorer.
2026-06-30 00:12:22,248 | INFO | Pobieranie rekordu: P00918
2026-06-30 00:12:28,114 | INFO | Pobrano rekord: P00918
2026-06-30 00:12:28,115 | INFO | Pobieranie rekordu: P04040
2026-06-30 00:12:31,904 | INFO | Pobrano rekord: P04040
2026-06-30 00:12:31,905 | INFO | Pobieranie rekordu: P00338
2026-06-30 00:12:37,575 | INFO | Pobrano rekord: P00338
2026-06-30 00:12:37,620 | INFO | Zapisano raport CSV: C:\Users\User\PycharmProjects\PythonProject2\outputs\reports\enzyme_report.csv
2026-06-30 00:12:37,718 | INFO | Zapisano raport XLSX: C:\Users\User\PycharmProjects\PythonProject2\outputs\reports\enzyme_report.xlsx
2026-06-30 00:12:44,724 | INFO | Utworzono wykresy.
2026-06-30 00:16:11,934 | INFO | Uruchomiono interfejs graficzny.
2026-06-30 00:16:19,248 | INFO | Pobieranie rekordu: P00918
2026-06-30 00:16:23,241 | INFO | Pobrano rekord: P00918
2026-06-30 00:16:23,242 | INFO | Pobieranie rekordu: P04040
2026-06-30 00:16:26,100 | INFO | Pobrano rekord: P04040
2026-06-30 00:16:26,101 | INFO | Pobieranie rekordu: P00338
2026-06-30 00:16:28,968 | INFO | Pobrano rekord: P00338
2026-06-30 00:25:38,432 | INFO | Uruchomiono interfejs graficzny.
2026-06-30 00:25:44,012 | INFO | Pobieranie rekordu: P00918
2026-06-30 00:25:47,675 | INFO | Pobrano rekord: P00918
2026-06-30 00:25:47,675 | INFO | Pobieranie rekordu: P04040
2026-06-30 00:25:51,541 | INFO | Pobrano rekord: P04040
2026-06-30 00:25:51,542 | INFO | Pobieranie rekordu: P00338
2026-06-30 00:25:55,223 | INFO | Pobrano rekord: P00338
2026-06-30 00:26:06,812 | INFO | Pobieranie rekordu: P00918
2026-06-30 00:26:08,470 | INFO | Pobrano rekord: P00918
2026-06-30 00:45:45,027 | INFO | Uruchomiono interfejs graficzny.
2026-06-30 00:45:49,797 | INFO | Pobieranie rekordu: P00918
2026-06-30 00:45:54,552 | INFO | Pobrano rekord: P00918
2026-06-30 00:45:54,552 | INFO | Pobieranie rekordu: P04040
2026-06-30 00:45:58,036 | INFO | Pobrano rekord: P04040
2026-06-30 00:45:58,037 | INFO | Pobieranie rekordu: P00338
2026-06-30 00:46:01,611 | INFO | Pobrano rekord: P00338
2026-06-30 00:46:05,578 | INFO | Utworzono wykresy z poziomu GUI.
2026-06-30 00:46:32,646 | INFO | Utworzono wykresy z poziomu GUI.
2026-06-30 00:46:40,037 | INFO | Zapisano raport XLSX: C:\Users\User\PycharmProjects\PythonProject2\outputs\reports\enzyme_report.xlsx
2026-06-30 00:46:42,868 | INFO | Zapisano raport CSV: C:\Users\User\PycharmProjects\PythonProject2\outputs\reports\enzyme_report.csv
2026-06-30 00:54:44,469 | INFO | Uruchomiono interfejs graficzny.
2026-06-30 00:54:47,160 | INFO | Pobieranie rekordu: P00918
2026-06-30 00:54:50,799 | INFO | Pobrano rekord: P00918
2026-06-30 00:54:50,799 | INFO | Pobieranie rekordu: P04040
2026-06-30 00:54:55,099 | INFO | Pobrano rekord: P04040
2026-06-30 00:54:55,099 | INFO | Pobieranie rekordu: P00338
2026-06-30 00:54:58,477 | INFO | Pobrano rekord: P00338
2026-06-30 00:55:07,230 | INFO | Zapisano raport CSV: C:\Users\User\Desktop\enzyme_report.csv
2026-06-30 00:55:17,848 | INFO | Utworzono wykresy z poziomu GUI.
2026-06-30 00:56:24,337 | INFO | Zapisano raport XLSX: C:\Users\User\Desktop\enzyme_report.xlsx
2026-07-06 22:50:13,895 | INFO | Uruchomiono interfejs graficzny.
2026-07-06 22:51:24,503 | INFO | Wczytano 3 identyfikatorów z 1 plików.
2026-07-06 22:54:40,571 | INFO | Wczytano 4 identyfikatorów z 1 plików.
2026-07-06 22:54:48,930 | INFO | Pobieranie rekordu: P00330
2026-07-06 22:54:52,066 | INFO | Pobrano rekord: P00330
2026-07-06 22:54:52,066 | INFO | Pobieranie rekordu: P0A9Q7
2026-07-06 22:54:54,934 | INFO | Pobrano rekord: P0A9Q7
2026-07-06 22:54:54,935 | INFO | Pobieranie rekordu: P00439
2026-07-06 22:54:58,281 | INFO | Pobrano rekord: P00439
2026-07-06 22:54:58,282 | INFO | Pobieranie rekordu: P00734
2026-07-06 22:55:02,465 | INFO | Pobrano rekord: P00734
2026-07-06 22:55:39,075 | INFO | Utworzono wykresy z poziomu GUI.
2026-07-06 23:04:59,710 | INFO | Uruchomiono interfejs graficzny.
2026-07-06 23:05:15,858 | INFO | Pobieranie rekordu: P00918
2026-07-06 23:05:17,484 | INFO | Zapisano surowe dane UniProt: C:\Users\User\PycharmProjects\PythonProject2\data\raw\P00918.json
2026-07-06 23:05:17,495 | INFO | Pobrano rekord: P00918
2026-07-06 23:05:17,495 | INFO | Pobieranie rekordu: P04040
2026-07-06 23:05:18,728 | INFO | Zapisano surowe dane UniProt: C:\Users\User\PycharmProjects\PythonProject2\data\raw\P04040.json
2026-07-06 23:05:18,732 | INFO | Pobrano rekord: P04040
2026-07-06 23:05:18,732 | INFO | Pobieranie rekordu: P00338
2026-07-06 23:05:19,902 | INFO | Zapisano surowe dane UniProt: C:\Users\User\PycharmProjects\PythonProject2\data\raw\P00338.json
2026-07-06 23:05:19,905 | INFO | Pobrano rekord: P00338
2026-07-06 23:57:11,621 | INFO | Uruchomiono interfejs graficzny.
2026-07-06 23:57:19,019 | INFO | Pobieranie rekordu: P00918
2026-07-06 23:57:20,434 | INFO | Zapisano surowe dane UniProt: C:\Users\User\PycharmProjects\PythonProject2\data\raw\P00918.json
2026-07-06 23:57:20,439 | INFO | Pobrano rekord: P00918
2026-07-06 23:57:20,439 | INFO | Pobieranie rekordu: P04040
2026-07-06 23:57:21,501 | INFO | Zapisano surowe dane UniProt: C:\Users\User\PycharmProjects\PythonProject2\data\raw\P04040.json
2026-07-06 23:57:21,504 | INFO | Pobrano rekord: P04040
2026-07-06 23:57:21,504 | INFO | Pobieranie rekordu: P00338
2026-07-06 23:57:22,569 | INFO | Zapisano surowe dane UniProt: C:\Users\User\PycharmProjects\PythonProject2\data\raw\P00338.json
2026-07-06 23:57:22,572 | INFO | Pobrano rekord: P00338
2026-07-06 23:57:22,575 | INFO | Zapisano dane przetworzone: C:\Users\User\PycharmProjects\PythonProject2\data\processed\enzyme_records.json
2026-07-07 00:22:53,198 | INFO | Uruchomiono interfejs graficzny.
2026-07-07 00:23:06,039 | INFO | Pobieranie rekordu: P00918
2026-07-07 00:23:07,479 | INFO | Zapisano surowe dane UniProt: C:\Users\User\PycharmProjects\PythonProject2\data\raw\P00918.json
2026-07-07 00:23:07,484 | INFO | Pobrano rekord: P00918
2026-07-07 00:23:07,484 | INFO | Pobieranie rekordu: P04040
2026-07-07 00:23:08,582 | INFO | Zapisano surowe dane UniProt: C:\Users\User\PycharmProjects\PythonProject2\data\raw\P04040.json
2026-07-07 00:23:08,585 | INFO | Pobrano rekord: P04040
2026-07-07 00:23:08,585 | INFO | Pobieranie rekordu: P00338
2026-07-07 00:23:10,070 | INFO | Zapisano surowe dane UniProt: C:\Users\User\PycharmProjects\PythonProject2\data\raw\P00338.json
2026-07-07 00:23:10,073 | INFO | Pobrano rekord: P00338
2026-07-07 00:23:10,076 | INFO | Zapisano dane przetworzone: C:\Users\User\PycharmProjects\PythonProject2\data\processed\enzyme_records.json
2026-07-07 00:25:30,174 | INFO | Uruchomiono interfejs graficzny.
2026-07-07 00:25:32,390 | INFO | Pobieranie rekordu: P00918
2026-07-07 00:25:33,839 | INFO | Zapisano surowe dane UniProt: C:\Users\User\PycharmProjects\PythonProject2\data\raw\P00918.json
2026-07-07 00:25:33,844 | INFO | Pobrano rekord: P00918
2026-07-07 00:25:33,845 | INFO | Pobieranie rekordu: P04040
2026-07-07 00:25:34,982 | INFO | Zapisano surowe dane UniProt: C:\Users\User\PycharmProjects\PythonProject2\data\raw\P04040.json
2026-07-07 00:25:34,986 | INFO | Pobrano rekord: P04040
2026-07-07 00:25:34,986 | INFO | Pobieranie rekordu: P00338
2026-07-07 00:25:36,068 | INFO | Zapisano surowe dane UniProt: C:\Users\User\PycharmProjects\PythonProject2\data\raw\P00338.json
2026-07-07 00:25:36,072 | INFO | Pobrano rekord: P00338
2026-07-07 00:25:36,074 | INFO | Zapisano dane przetworzone: C:\Users\User\PycharmProjects\PythonProject2\data\processed\enzyme_records.json
2026-07-07 00:30:06,509 | INFO | Wczytano 20 identyfikatorów z 1 plików.
2026-07-07 00:30:07,314 | INFO | Pobieranie rekordu: P04040
2026-07-07 00:30:08,439 | INFO | Zapisano surowe dane UniProt: C:\Users\User\PycharmProjects\PythonProject2\data\raw\P04040.json
2026-07-07 00:30:08,442 | INFO | Pobrano rekord: P04040
2026-07-07 00:30:08,442 | INFO | Pobieranie rekordu: P04406
2026-07-07 00:30:09,535 | INFO | Zapisano surowe dane UniProt: C:\Users\User\PycharmProjects\PythonProject2\data\raw\P04406.json
2026-07-07 00:30:09,539 | INFO | Pobrano rekord: P04406
2026-07-07 00:30:09,539 | INFO | Pobieranie rekordu: P00441
2026-07-07 00:30:10,668 | INFO | Zapisano surowe dane UniProt: C:\Users\User\PycharmProjects\PythonProject2\data\raw\P00441.json
2026-07-07 00:30:10,672 | INFO | Pobrano rekord: P00441
2026-07-07 00:30:10,672 | INFO | Pobieranie rekordu: P00918
2026-07-07 00:30:11,903 | INFO | Zapisano surowe dane UniProt: C:\Users\User\PycharmProjects\PythonProject2\data\raw\P00918.json
2026-07-07 00:30:11,908 | INFO | Pobrano rekord: P00918
2026-07-07 00:30:11,909 | INFO | Pobieranie rekordu: P00338
2026-07-07 00:30:12,962 | INFO | Zapisano surowe dane UniProt: C:\Users\User\PycharmProjects\PythonProject2\data\raw\P00338.json
2026-07-07 00:30:12,966 | INFO | Pobrano rekord: P00338
2026-07-07 00:30:12,966 | INFO | Pobieranie rekordu: P06733
2026-07-07 00:30:14,057 | INFO | Zapisano surowe dane UniProt: C:\Users\User\PycharmProjects\PythonProject2\data\raw\P06733.json
2026-07-07 00:30:14,060 | INFO | Pobrano rekord: P06733
2026-07-07 00:30:14,060 | INFO | Pobieranie rekordu: P00558
2026-07-07 00:30:15,150 | INFO | Zapisano surowe dane UniProt: C:\Users\User\PycharmProjects\PythonProject2\data\raw\P00558.json
2026-07-07 00:30:15,153 | INFO | Pobrano rekord: P00558
2026-07-07 00:30:15,154 | INFO | Pobieranie rekordu: P11413
2026-07-07 00:30:16,271 | INFO | Zapisano surowe dane UniProt: C:\Users\User\PycharmProjects\PythonProject2\data\raw\P11413.json
2026-07-07 00:30:16,275 | INFO | Pobrano rekord: P11413
2026-07-07 00:30:16,275 | INFO | Pobieranie rekordu: P35557
2026-07-07 00:30:17,428 | INFO | Zapisano surowe dane UniProt: C:\Users\User\PycharmProjects\PythonProject2\data\raw\P35557.json
2026-07-07 00:30:17,431 | INFO | Pobrano rekord: P35557
2026-07-07 00:30:17,432 | INFO | Pobieranie rekordu: P08246
2026-07-07 00:30:18,899 | INFO | Zapisano surowe dane UniProt: C:\Users\User\PycharmProjects\PythonProject2\data\raw\P08246.json
2026-07-07 00:30:18,903 | INFO | Pobrano rekord: P08246
2026-07-07 00:30:18,903 | INFO | Pobieranie rekordu: P00709
2026-07-07 00:30:20,279 | INFO | Zapisano surowe dane UniProt: C:\Users\User\PycharmProjects\PythonProject2\data\raw\P00709.json
2026-07-07 00:30:20,282 | INFO | Pobrano rekord: P00709
2026-07-07 00:30:20,282 | INFO | Pobieranie rekordu: P00734
2026-07-07 00:30:22,037 | INFO | Zapisano surowe dane UniProt: C:\Users\User\PycharmProjects\PythonProject2\data\raw\P00734.json
2026-07-07 00:30:22,042 | INFO | Pobrano rekord: P00734
2026-07-07 00:30:22,042 | INFO | Pobieranie rekordu: P08254
2026-07-07 00:30:24,171 | INFO | Zapisano surowe dane UniProt: C:\Users\User\PycharmProjects\PythonProject2\data\raw\P08254.json
2026-07-07 00:30:24,175 | INFO | Pobrano rekord: P08254
2026-07-07 00:30:24,175 | INFO | Pobieranie rekordu: P05164
2026-07-07 00:30:28,711 | INFO | Zapisano surowe dane UniProt: C:\Users\User\PycharmProjects\PythonProject2\data\raw\P05164.json
2026-07-07 00:30:28,716 | INFO | Pobrano rekord: P05164
2026-07-07 00:30:28,716 | INFO | Pobieranie rekordu: P05181
2026-07-07 00:30:32,794 | INFO | Zapisano surowe dane UniProt: C:\Users\User\PycharmProjects\PythonProject2\data\raw\P05181.json
2026-07-07 00:30:32,797 | INFO | Pobrano rekord: P05181
2026-07-07 00:30:32,798 | INFO | Pobieranie rekordu: P08684
2026-07-07 00:30:34,145 | INFO | Zapisano surowe dane UniProt: C:\Users\User\PycharmProjects\PythonProject2\data\raw\P08684.json
2026-07-07 00:30:34,151 | INFO | Pobrano rekord: P08684
2026-07-07 00:30:34,151 | INFO | Pobieranie rekordu: P09917
2026-07-07 00:30:35,389 | INFO | Zapisano surowe dane UniProt: C:\Users\User\PycharmProjects\PythonProject2\data\raw\P09917.json
2026-07-07 00:30:35,395 | INFO | Pobrano rekord: P09917
2026-07-07 00:30:35,395 | INFO | Pobieranie rekordu: P29474
2026-07-07 00:30:40,040 | INFO | Zapisano surowe dane UniProt: C:\Users\User\PycharmProjects\PythonProject2\data\raw\P29474.json
2026-07-07 00:30:40,044 | INFO | Pobrano rekord: P29474
2026-07-07 00:30:40,045 | INFO | Pobieranie rekordu: P15121
2026-07-07 00:30:53,310 | INFO | Zapisano surowe dane UniProt: C:\Users\User\PycharmProjects\PythonProject2\data\raw\P15121.json
2026-07-07 00:30:53,314 | INFO | Pobrano rekord: P15121
2026-07-07 00:30:53,314 | INFO | Pobieranie rekordu: P04075
2026-07-07 00:30:58,404 | INFO | Zapisano surowe dane UniProt: C:\Users\User\PycharmProjects\PythonProject2\data\raw\P04075.json
2026-07-07 00:30:58,409 | INFO | Pobrano rekord: P04075
2026-07-07 00:30:58,413 | INFO | Zapisano dane przetworzone: C:\Users\User\PycharmProjects\PythonProject2\data\processed\enzyme_records.json
2026-07-07 00:32:12,915 | INFO | Zapisano raport CSV: C:\Users\User\Desktop\enzyme_report.csv
2026-07-07 00:32:18,897 | INFO | Zapisano raport XLSX: C:\Users\User\Desktop\enzyme_report.xlsx
2026-07-07 00:32:27,092 | INFO | Utworzono wykresy z poziomu GUI.
2026-07-07 00:56:45,862 | INFO | Uruchomiono interfejs graficzny.
2026-07-07 00:58:31,315 | INFO | Uruchomiono interfejs graficzny.
2026-07-07 01:03:53,637 | INFO | Uruchomiono interfejs graficzny.
2026-07-07 01:03:59,503 | INFO | Pobieranie rekordu: P00918
2026-07-07 01:04:01,454 | INFO | Zapisano surowe dane UniProt: C:\Users\User\PycharmProjects\PythonProject2\data\raw\P00918.json
2026-07-07 01:04:01,459 | INFO | Pobrano rekord: P00918
2026-07-07 01:04:01,459 | INFO | Pobieranie rekordu: P04040
2026-07-07 01:04:03,052 | INFO | Zapisano surowe dane UniProt: C:\Users\User\PycharmProjects\PythonProject2\data\raw\P04040.json
2026-07-07 01:04:03,055 | INFO | Pobrano rekord: P04040
2026-07-07 01:04:03,055 | INFO | Pobieranie rekordu: P00338
2026-07-07 01:04:04,121 | INFO | Zapisano surowe dane UniProt: C:\Users\User\PycharmProjects\PythonProject2\data\raw\P00338.json
2026-07-07 01:04:04,124 | INFO | Pobrano rekord: P00338
2026-07-07 01:04:04,126 | INFO | Zapisano dane przetworzone: C:\Users\User\PycharmProjects\PythonProject2\data\processed\enzyme_records.json
2026-07-07 01:07:26,184 | INFO | Uruchomiono interfejs graficzny.
2026-07-07 01:07:39,793 | INFO | Pobieranie rekordu: P00918
2026-07-07 01:07:41,271 | INFO | Zapisano surowe dane UniProt: C:\Users\User\PycharmProjects\PythonProject2\data\raw\P00918.json
2026-07-07 01:07:41,282 | INFO | Pobrano rekord: P00918
2026-07-07 01:07:41,282 | INFO | Pobieranie rekordu: P04040
2026-07-07 01:07:42,618 | INFO | Zapisano surowe dane UniProt: C:\Users\User\PycharmProjects\PythonProject2\data\raw\P04040.json
2026-07-07 01:07:42,621 | INFO | Pobrano rekord: P04040
2026-07-07 01:07:42,621 | INFO | Pobieranie rekordu: P00338
2026-07-07 01:07:43,711 | INFO | Zapisano surowe dane UniProt: C:\Users\User\PycharmProjects\PythonProject2\data\raw\P00338.json
2026-07-07 01:07:43,714 | INFO | Pobrano rekord: P00338
2026-07-07 01:07:43,715 | INFO | Utworzono ranking enzymów dla 3 rekordów.
2026-07-07 01:07:43,716 | ERROR | Błąd podczas pracy GUI.
Traceback (most recent call last):
  File "C:\Users\User\PycharmProjects\PythonProject2\src\uniprot_enzyme_explorer\ui.py", line 285, in _download_data
    enzymes, errors = harvest_enzymes(uniprot_ids)
    ^^^^^^^^^^^^^^^
ValueError: too many values to unpack (expected 2, got 3)
2026-07-07 01:12:37,919 | INFO | Pobieranie rekordu: P00918
2026-07-07 01:12:39,217 | INFO | Zapisano surowe dane UniProt: C:\Users\User\PycharmProjects\PythonProject2\data\raw\P00918.json
2026-07-07 01:12:39,221 | INFO | Pobrano rekord: P00918
2026-07-07 01:12:39,221 | INFO | Pobieranie rekordu: P04040
2026-07-07 01:12:40,292 | INFO | Zapisano surowe dane UniProt: C:\Users\User\PycharmProjects\PythonProject2\data\raw\P04040.json
2026-07-07 01:12:40,296 | INFO | Pobrano rekord: P04040
2026-07-07 01:12:40,296 | INFO | Pobieranie rekordu: P00338
2026-07-07 01:12:41,377 | INFO | Zapisano surowe dane UniProt: C:\Users\User\PycharmProjects\PythonProject2\data\raw\P00338.json
2026-07-07 01:12:41,379 | INFO | Pobrano rekord: P00338
2026-07-07 01:12:41,380 | INFO | Utworzono ranking enzymów dla 3 rekordów.
2026-07-07 01:12:41,380 | ERROR | Błąd podczas pracy GUI.
Traceback (most recent call last):
  File "C:\Users\User\PycharmProjects\PythonProject2\src\uniprot_enzyme_explorer\ui.py", line 285, in _download_data
    enzymes, errors = harvest_enzymes(uniprot_ids)
    ^^^^^^^^^^^^^^^
ValueError: too many values to unpack (expected 2, got 3)
2026-07-07 01:12:56,408 | INFO | Uruchomiono interfejs graficzny.
2026-07-07 01:12:59,958 | INFO | Pobieranie rekordu: P00918
2026-07-07 01:13:01,321 | INFO | Zapisano surowe dane UniProt: C:\Users\User\PycharmProjects\PythonProject2\data\raw\P00918.json
2026-07-07 01:13:01,327 | INFO | Pobrano rekord: P00918
2026-07-07 01:13:01,327 | INFO | Pobieranie rekordu: P04040
2026-07-07 01:13:02,406 | INFO | Zapisano surowe dane UniProt: C:\Users\User\PycharmProjects\PythonProject2\data\raw\P04040.json
2026-07-07 01:13:02,409 | INFO | Pobrano rekord: P04040
2026-07-07 01:13:02,409 | INFO | Pobieranie rekordu: P00338
2026-07-07 01:13:03,458 | INFO | Zapisano surowe dane UniProt: C:\Users\User\PycharmProjects\PythonProject2\data\raw\P00338.json
2026-07-07 01:13:03,461 | INFO | Pobrano rekord: P00338
2026-07-07 01:13:03,461 | INFO | Utworzono ranking enzymów dla 3 rekordów.
2026-07-07 01:13:03,464 | INFO | Zapisano dane przetworzone: C:\Users\User\PycharmProjects\PythonProject2\data\processed\enzyme_records.json
2026-07-07 01:16:19,936 | INFO | Uruchomiono interfejs graficzny.
2026-07-07 01:16:21,857 | INFO | Pobieranie rekordu: P00918
2026-07-07 01:16:23,265 | INFO | Zapisano surowe dane UniProt: C:\Users\User\PycharmProjects\PythonProject2\data\raw\P00918.json
2026-07-07 01:16:23,272 | INFO | Pobrano rekord: P00918
2026-07-07 01:16:23,273 | INFO | Pobieranie rekordu: P04040
2026-07-07 01:16:24,351 | INFO | Zapisano surowe dane UniProt: C:\Users\User\PycharmProjects\PythonProject2\data\raw\P04040.json
2026-07-07 01:16:24,355 | INFO | Pobrano rekord: P04040
2026-07-07 01:16:24,356 | INFO | Pobieranie rekordu: P00338
2026-07-07 01:16:25,639 | INFO | Zapisano surowe dane UniProt: C:\Users\User\PycharmProjects\PythonProject2\data\raw\P00338.json
2026-07-07 01:16:25,642 | INFO | Pobrano rekord: P00338
2026-07-07 01:16:25,643 | INFO | Utworzono ranking enzymów dla 3 rekordów.
2026-07-07 01:16:25,646 | INFO | Zapisano dane przetworzone: C:\Users\User\PycharmProjects\PythonProject2\data\processed\enzyme_records.json
